[0m22:15:24.513218 [debug] [MainThread]: Sending event: {'category': 'dbt', 'action': 'invocation', 'label': 'start', 'context': [<snowplow_tracker.self_describing_json.SelfDescribingJson object at 0x00000232FF4CA150>, <snowplow_tracker.self_describing_json.SelfDescribingJson object at 0x00000232FF225550>, <snowplow_tracker.self_describing_json.SelfDescribingJson object at 0x00000232FF4CB5D0>]}


============================== 22:15:24.556729 | ac5df794-8597-41b5-9216-ad1398836de3 ==============================
[0m22:15:24.556729 [info ] [MainThread]: Running with dbt=1.11.8
[0m22:15:24.559725 [debug] [MainThread]: running dbt with arguments {'static_parser': 'True', 'no_print': 'None', 'version_check': 'True', 'warn_error_options': 'WarnErrorOptionsV2(error=[], warn=[], silence=[])', 'target_path': 'None', 'printer_width': '80', 'write_json': 'True', 'empty': 'None', 'log_cache_events': 'False', 'introspect': 'True', 'cache_selected_only': 'False', 'log_format': 'default', 'debug': 'False', 'fail_fast': 'False', 'profiles_dir': 'C:\\Users\\Sravani\\.dbt', 'send_anonymous_usage_stats': 'True', 'quiet': 'False', 'warn_error': 'None', 'partial_parse': 'True', 'use_colors': 'True', 'indirect_selection': 'eager', 'invocation_command': 'dbt init flight_delays', 'use_experimental_parser': 'False', 'log_path': 'logs'}
[0m22:15:24.626856 [info ] [MainThread]: Creating dbt configuration folder at C:\Users\Sravani\.dbt
[0m22:15:24.631149 [debug] [MainThread]: Starter project path: C:\Users\Sravani\OneDrive\Documents\Projects\Flight\venv311\Lib\site-packages\dbt\include\starter_project
[0m22:15:24.752858 [info ] [MainThread]: 
Your new dbt project "flight_delays" was created!

For more information on how to configure the profiles.yml file,
please consult the dbt documentation here:

  https://docs.getdbt.com/docs/configure-your-profile

One more thing:

Need help? Don't hesitate to reach out to us via GitHub issues or on Slack:

  https://community.getdbt.com/

Happy modeling!

[0m22:15:24.753859 [info ] [MainThread]: Setting up your profile.
[0m22:19:02.698089 [info ] [MainThread]: Profile flight_delays written to C:\Users\Sravani\.dbt\profiles.yml using target's profile_template.yml and your supplied values. Run 'dbt debug' to validate the connection.
[0m22:19:02.698089 [debug] [MainThread]: Command `dbt init` succeeded at 22:19:02.698089 after 218.34 seconds
[0m22:19:02.698089 [debug] [MainThread]: Sending event: {'category': 'dbt', 'action': 'invocation', 'label': 'end', 'context': [<snowplow_tracker.self_describing_json.SelfDescribingJson object at 0x00000232F8940890>, <snowplow_tracker.self_describing_json.SelfDescribingJson object at 0x00000232F88B34D0>, <snowplow_tracker.self_describing_json.SelfDescribingJson object at 0x00000232FF53FC10>]}
[0m22:19:02.698089 [debug] [MainThread]: Flushing usage events
[0m22:19:03.129828 [debug] [MainThread]: An error was encountered while trying to flush usage events
[0m22:27:35.436457 [debug] [MainThread]: Sending event: {'category': 'dbt', 'action': 'invocation', 'label': 'start', 'context': [<snowplow_tracker.self_describing_json.SelfDescribingJson object at 0x0000013A62DE2510>, <snowplow_tracker.self_describing_json.SelfDescribingJson object at 0x0000013A62DE3810>, <snowplow_tracker.self_describing_json.SelfDescribingJson object at 0x0000013A62DE3610>]}


============================== 22:27:35.441565 | da8f4879-8312-457b-8c21-2efc16ce72f5 ==============================
[0m22:27:35.441565 [info ] [MainThread]: Running with dbt=1.11.8
[0m22:27:35.441565 [debug] [MainThread]: running dbt with arguments {'version_check': 'True', 'no_print': 'None', 'static_parser': 'True', 'target_path': 'None', 'warn_error_options': 'WarnErrorOptionsV2(error=[], warn=[], silence=[])', 'printer_width': '80', 'write_json': 'True', 'empty': 'None', 'log_cache_events': 'False', 'introspect': 'True', 'cache_selected_only': 'False', 'fail_fast': 'False', 'debug': 'False', 'log_format': 'default', 'profiles_dir': 'C:\\Users\\Sravani\\.dbt', 'send_anonymous_usage_stats': 'True', 'quiet': 'False', 'warn_error': 'None', 'partial_parse': 'True', 'invocation_command': 'dbt debug', 'use_colors': 'True', 'indirect_selection': 'eager', 'use_experimental_parser': 'False', 'log_path': 'logs'}
[0m22:27:35.463428 [info ] [MainThread]: dbt version: 1.11.8
[0m22:27:35.463428 [info ] [MainThread]: python version: 3.11.9
[0m22:27:35.473306 [info ] [MainThread]: python path: C:\Users\Sravani\OneDrive\Documents\Projects\Flight\venv311\Scripts\python.exe
[0m22:27:35.473306 [info ] [MainThread]: os info: Windows-10-10.0.26200-SP0
[0m22:27:35.473306 [error] [MainThread]: Encountered an error:
Parsing Error
  Env var required but not provided: 'AWS_ACCESS_KEY_ID'
[0m22:27:35.473306 [debug] [MainThread]: Command `dbt debug` failed at 22:27:35.473306 after 0.14 seconds
[0m22:27:35.473306 [debug] [MainThread]: Sending event: {'category': 'dbt', 'action': 'invocation', 'label': 'end', 'context': [<snowplow_tracker.self_describing_json.SelfDescribingJson object at 0x0000013A5AF8C550>, <snowplow_tracker.self_describing_json.SelfDescribingJson object at 0x0000013A62D8A450>, <snowplow_tracker.self_describing_json.SelfDescribingJson object at 0x0000013A61B51450>]}
[0m22:27:35.473306 [debug] [MainThread]: Flushing usage events
[0m22:27:35.953629 [debug] [MainThread]: An error was encountered while trying to flush usage events
[0m22:31:39.594575 [debug] [MainThread]: Sending event: {'category': 'dbt', 'action': 'invocation', 'label': 'start', 'context': [<snowplow_tracker.self_describing_json.SelfDescribingJson object at 0x0000013C4803AE90>, <snowplow_tracker.self_describing_json.SelfDescribingJson object at 0x0000013C490726D0>, <snowplow_tracker.self_describing_json.SelfDescribingJson object at 0x0000013C49073490>]}


============================== 22:31:39.603601 | 3905abae-f4da-4be6-a824-898e76447cfb ==============================
[0m22:31:39.603601 [info ] [MainThread]: Running with dbt=1.11.8
[0m22:31:39.603601 [debug] [MainThread]: running dbt with arguments {'version_check': 'True', 'no_print': 'None', 'static_parser': 'True', 'warn_error_options': 'WarnErrorOptionsV2(error=[], warn=[], silence=[])', 'target_path': 'None', 'printer_width': '80', 'write_json': 'True', 'empty': 'None', 'log_cache_events': 'False', 'introspect': 'True', 'cache_selected_only': 'False', 'fail_fast': 'False', 'debug': 'False', 'log_format': 'default', 'partial_parse': 'True', 'send_anonymous_usage_stats': 'True', 'quiet': 'False', 'warn_error': 'None', 'profiles_dir': 'C:\\Users\\Sravani\\.dbt', 'use_colors': 'True', 'invocation_command': 'dbt debug', 'indirect_selection': 'eager', 'use_experimental_parser': 'False', 'log_path': 'logs'}
[0m22:31:39.640964 [info ] [MainThread]: dbt version: 1.11.8
[0m22:31:39.640964 [info ] [MainThread]: python version: 3.11.9
[0m22:31:39.640964 [info ] [MainThread]: python path: C:\Users\Sravani\OneDrive\Documents\Projects\Flight\venv311\Scripts\python.exe
[0m22:31:39.640964 [info ] [MainThread]: os info: Windows-10-10.0.26200-SP0
[0m22:31:40.184811 [info ] [MainThread]: Using profiles dir at C:\Users\Sravani\.dbt
[0m22:31:40.185589 [info ] [MainThread]: Using profiles.yml file at C:\Users\Sravani\.dbt\profiles.yml
[0m22:31:40.185589 [info ] [MainThread]: Using dbt_project.yml file at C:\Users\Sravani\OneDrive\Documents\Projects\Flight\dbt\dbt_project.yml
[0m22:31:40.185589 [info ] [MainThread]: adapter type: athena
[0m22:31:40.185589 [info ] [MainThread]: adapter version: 1.10.0
[0m22:31:40.185589 [info ] [MainThread]: Configuration:
[0m22:31:40.185589 [info ] [MainThread]:   profiles.yml file [[32mOK found and valid[0m]
[0m22:31:40.185589 [info ] [MainThread]:   dbt_project.yml file [[31mERROR not found[0m]
[0m22:31:40.191051 [info ] [MainThread]: Required dependencies:
[0m22:31:40.192233 [debug] [MainThread]: Executing "git --help"
[0m22:31:40.244991 [debug] [MainThread]: STDOUT: "b"usage: git [-v | --version] [-h | --help] [-C <path>] [-c <name>=<value>]\n           [--exec-path[=<path>]] [--html-path] [--man-path] [--info-path]\n           [-p | --paginate | -P | --no-pager] [--no-replace-objects] [--bare]\n           [--git-dir=<path>] [--work-tree=<path>] [--namespace=<name>]\n           [--config-env=<name>=<envvar>] <command> [<args>]\n\nThese are common Git commands used in various situations:\n\nstart a working area (see also: git help tutorial)\n   clone     Clone a repository into a new directory\n   init      Create an empty Git repository or reinitialize an existing one\n\nwork on the current change (see also: git help everyday)\n   add       Add file contents to the index\n   mv        Move or rename a file, a directory, or a symlink\n   restore   Restore working tree files\n   rm        Remove files from the working tree and from the index\n\nexamine the history and state (see also: git help revisions)\n   bisect    Use binary search to find the commit that introduced a bug\n   diff      Show changes between commits, commit and working tree, etc\n   grep      Print lines matching a pattern\n   log       Show commit logs\n   show      Show various types of objects\n   status    Show the working tree status\n\ngrow, mark and tweak your common history\n   branch    List, create, or delete branches\n   commit    Record changes to the repository\n   merge     Join two or more development histories together\n   rebase    Reapply commits on top of another base tip\n   reset     Reset current HEAD to the specified state\n   switch    Switch branches\n   tag       Create, list, delete or verify a tag object signed with GPG\n\ncollaborate (see also: git help workflows)\n   fetch     Download objects and refs from another repository\n   pull      Fetch from and integrate with another repository or a local branch\n   push      Update remote refs along with associated objects\n\n'git help -a' and 'git help -g' list available subcommands and some\nconcept guides. See 'git help <command>' or 'git help <concept>'\nto read about a specific subcommand or concept.\nSee 'git help git' for an overview of the system.\n""
[0m22:31:40.246214 [debug] [MainThread]: STDERR: "b''"
[0m22:31:40.246214 [info ] [MainThread]:  - git [[32mOK found[0m]

[0m22:31:40.247220 [info ] [MainThread]: Connection:
[0m22:31:40.247220 [info ] [MainThread]:   s3_staging_dir: s3://flight-delays-processed/athena-results/
[0m22:31:40.248221 [info ] [MainThread]:   work_group: None
[0m22:31:40.248221 [info ] [MainThread]:   skip_workgroup_check: False
[0m22:31:40.249220 [info ] [MainThread]:   region_name: us-east-1
[0m22:31:40.250220 [info ] [MainThread]:   database: awsdatacatalog
[0m22:31:40.250220 [info ] [MainThread]:   schema: flight_delays_db
[0m22:31:40.251221 [info ] [MainThread]:   poll_interval: 1.0
[0m22:31:40.251221 [info ] [MainThread]:   aws_profile_name: None
[0m22:31:40.252221 [info ] [MainThread]:   aws_access_key_id: AKIAXYKJQOKEH3C42BGD
[0m22:31:40.252221 [info ] [MainThread]:   endpoint_url: None
[0m22:31:40.253222 [info ] [MainThread]:   s3_data_dir: s3://flight-delays-processed/dbt-data/
[0m22:31:40.253222 [info ] [MainThread]:   s3_data_naming: schema_table_unique
[0m22:31:40.254222 [info ] [MainThread]:   s3_tmp_table_dir: None
[0m22:31:40.255222 [info ] [MainThread]:   debug_query_state: False
[0m22:31:40.255222 [info ] [MainThread]:   seed_s3_upload_args: None
[0m22:31:40.256223 [info ] [MainThread]:   lf_tags_database: None
[0m22:31:40.257534 [info ] [MainThread]:   spark_work_group: None
[0m22:31:40.257534 [info ] [MainThread]: Registered adapter: athena=1.10.0
[0m22:31:40.546900 [debug] [MainThread]: Acquiring new athena connection 'debug'
[0m22:31:40.546900 [debug] [MainThread]: Using athena connection "debug"
[0m22:31:40.546900 [debug] [MainThread]: On debug: select 1 as id
[0m22:31:40.546900 [debug] [MainThread]: Opening a new connection, currently in state init
[0m22:31:41.497364 [debug] [MainThread]: dbt.adapters.athena.constants adapter: Athena query ID 35d89501-7211-4a22-a7a4-22374c7adf07
[0m22:31:42.865864 [debug] [MainThread]: SQL status: OK -1 in 2.331 seconds
[0m22:31:42.881754 [debug] [MainThread]: On debug: Close
[0m22:31:42.881754 [info ] [MainThread]:   Connection test: [[32mOK connection ok[0m]

[0m22:31:42.881754 [info ] [MainThread]: [31m1 check failed:[0m
[0m22:31:42.881754 [info ] [MainThread]: Project loading failed for the following reason:
 project path <C:\Users\Sravani\OneDrive\Documents\Projects\Flight\dbt\dbt_project.yml> not found

[0m22:31:42.881754 [debug] [MainThread]: Command `dbt debug` failed at 22:31:42.881754 after 3.41 seconds
[0m22:31:42.881754 [debug] [MainThread]: Connection 'debug' was properly closed.
[0m22:31:42.881754 [debug] [MainThread]: Sending event: {'category': 'dbt', 'action': 'invocation', 'label': 'end', 'context': [<snowplow_tracker.self_describing_json.SelfDescribingJson object at 0x0000013C412FC550>, <snowplow_tracker.self_describing_json.SelfDescribingJson object at 0x0000013C41590990>, <snowplow_tracker.self_describing_json.SelfDescribingJson object at 0x0000013C41593C10>]}
[0m22:31:42.881754 [debug] [MainThread]: Flushing usage events
[0m22:31:43.324661 [debug] [MainThread]: An error was encountered while trying to flush usage events
